<?xml version="1.0" encoding="UTF-8"?>
<testsuite xmlns:xsi="http://www.w3.org/2001/XMLSchema-instance" xsi:noNamespaceSchemaLocation="https://maven.apache.org/surefire/maven-surefire-plugin/xsd/surefire-test-report.xsd" name="com.blbilink.mc.AppTest" time="0.022" tests="1" errors="0" skipped="0" failures="0">
  <properties>
    <property name="java.specification.version" value="21"/>
    <property name="maven.user.extensions" value="C:\Users\Administrator/.m2/extensions.xml"/>
    <property name="sun.cpu.isalist" value="amd64"/>
    <property name="sun.jnu.encoding" value="GBK"/>
    <property name="java.class.path" value="D:\git_all\blbiWorld\death_drop\target\test-classes;D:\git_all\blbiWorld\death_drop\target\classes;C:\Users\Administrator\.m2\repository\io\papermc\paper\paper-api\1.21.4-R0.1-SNAPSHOT\paper-api-1.21.4-R0.1-SNAPSHOT.jar;C:\Users\Administrator\.m2\repository\com\google\guava\guava\33.3.1-jre\guava-33.3.1-jre.jar;C:\Users\Administrator\.m2\repository\com\google\guava\failureaccess\1.0.2\failureaccess-1.0.2.jar;C:\Users\Administrator\.m2\repository\com\google\guava\listenablefuture\9999.0-empty-to-avoid-conflict-with-guava\listenablefuture-9999.0-empty-to-avoid-conflict-with-guava.jar;C:\Users\Administrator\.m2\repository\com\google\code\findbugs\jsr305\3.0.2\jsr305-3.0.2.jar;C:\Users\Administrator\.m2\repository\com\google\errorprone\error_prone_annotations\2.28.0\error_prone_annotations-2.28.0.jar;C:\Users\Administrator\.m2\repository\com\google\j2objc\j2objc-annotations\3.0.0\j2objc-annotations-3.0.0.jar;C:\Users\Administrator\.m2\repository\com\google\code\gson\gson\2.11.0\gson-2.11.0.jar;C:\Users\Administrator\.m2\repository\org\yaml\snakeyaml\2.2\snakeyaml-2.2.jar;C:\Users\Administrator\.m2\repository\org\joml\joml\1.10.8\joml-1.10.8.jar;C:\Users\Administrator\.m2\repository\com\googlecode\json-simple\json-simple\1.1.1\json-simple-1.1.1.jar;C:\Users\Administrator\.m2\repository\it\unimi\dsi\fastutil\8.5.15\fastutil-8.5.15.jar;C:\Users\Administrator\.m2\repository\org\apache\logging\log4j\log4j-api\2.17.1\log4j-api-2.17.1.jar;C:\Users\Administrator\.m2\repository\org\slf4j\slf4j-api\2.0.9\slf4j-api-2.0.9.jar;C:\Users\Administrator\.m2\repository\com\mojang\brigadier\1.3.10\brigadier-1.3.10.jar;C:\Users\Administrator\.m2\repository\net\md-5\bungeecord-chat\1.20-R0.2-deprecated+build.19\bungeecord-chat-1.20-R0.2-deprecated+build.19.jar;C:\Users\Administrator\.m2\repository\org\apache\maven\maven-resolver-provider\3.9.6\maven-resolver-provider-3.9.6.jar;C:\Users\Administrator\.m2\repository\org\apache\maven\maven-model\3.9.6\maven-model-3.9.6.jar;C:\Users\Administrator\.m2\repository\org\apache\maven\maven-model-builder\3.9.6\maven-model-builder-3.9.6.jar;C:\Users\Administrator\.m2\repository\org\codehaus\plexus\plexus-interpolation\1.26\plexus-interpolation-1.26.jar;C:\Users\Administrator\.m2\repository\org\apache\maven\maven-artifact\3.9.6\maven-artifact-3.9.6.jar;C:\Users\Administrator\.m2\repository\org\apache\commons\commons-lang3\3.12.0\commons-lang3-3.12.0.jar;C:\Users\Administrator\.m2\repository\org\apache\maven\maven-builder-support\3.9.6\maven-builder-support-3.9.6.jar;C:\Users\Administrator\.m2\repository\org\eclipse\sisu\org.eclipse.sisu.inject\0.9.0.M2\org.eclipse.sisu.inject-0.9.0.M2.jar;C:\Users\Administrator\.m2\repository\org\apache\maven\maven-repository-metadata\3.9.6\maven-repository-metadata-3.9.6.jar;C:\Users\Administrator\.m2\repository\org\apache\maven\resolver\maven-resolver-api\1.9.18\maven-resolver-api-1.9.18.jar;C:\Users\Administrator\.m2\repository\org\apache\maven\resolver\maven-resolver-spi\1.9.18\maven-resolver-spi-1.9.18.jar;C:\Users\Administrator\.m2\repository\org\apache\maven\resolver\maven-resolver-util\1.9.18\maven-resolver-util-1.9.18.jar;C:\Users\Administrator\.m2\repository\org\apache\maven\resolver\maven-resolver-impl\1.9.18\maven-resolver-impl-1.9.18.jar;C:\Users\Administrator\.m2\repository\org\apache\maven\resolver\maven-resolver-named-locks\1.9.18\maven-resolver-named-locks-1.9.18.jar;C:\Users\Administrator\.m2\repository\org\codehaus\plexus\plexus-utils\3.5.1\plexus-utils-3.5.1.jar;C:\Users\Administrator\.m2\repository\javax\inject\javax.inject\1\javax.inject-1.jar;C:\Users\Administrator\.m2\repository\org\jspecify\jspecify\1.0.0\jspecify-1.0.0.jar;C:\Users\Administrator\.m2\repository\net\kyori\adventure-api\4.18.0\adventure-api-4.18.0.jar;C:\Users\Administrator\.m2\repository\net\kyori\adventure-key\4.18.0\adventure-key-4.18.0.jar;C:\Users\Administrator\.m2\repository\net\kyori\examination-api\1.3.0\examination-api-1.3.0.jar;C:\Users\Administrator\.m2\repository\net\kyori\examination-string\1.3.0\examination-string-1.3.0.jar;C:\Users\Administrator\.m2\repository\org\jetbrains\annotations\26.0.1\annotations-26.0.1.jar;C:\Users\Administrator\.m2\repository\net\kyori\adventure-text-minimessage\4.18.0\adventure-text-minimessage-4.18.0.jar;C:\Users\Administrator\.m2\repository\net\kyori\adventure-text-serializer-gson\4.18.0\adventure-text-serializer-gson-4.18.0.jar;C:\Users\Administrator\.m2\repository\net\kyori\adventure-text-serializer-json\4.18.0\adventure-text-serializer-json-4.18.0.jar;C:\Users\Administrator\.m2\repository\net\kyori\option\1.0.0\option-1.0.0.jar;C:\Users\Administrator\.m2\repository\com\google\auto\service\auto-service-annotations\1.1.1\auto-service-annotations-1.1.1.jar;C:\Users\Administrator\.m2\repository\net\kyori\adventure-text-serializer-legacy\4.18.0\adventure-text-serializer-legacy-4.18.0.jar;C:\Users\Administrator\.m2\repository\net\kyori\adventure-text-serializer-plain\4.18.0\adventure-text-serializer-plain-4.18.0.jar;C:\Users\Administrator\.m2\repository\net\kyori\adventure-text-logger-slf4j\4.18.0\adventure-text-logger-slf4j-4.18.0.jar;C:\Users\Administrator\.m2\repository\org\checkerframework\checker-qual\3.33.0\checker-qual-3.33.0.jar;C:\Users\Administrator\.m2\repository\junit\junit\4.11\junit-4.11.jar;C:\Users\Administrator\.m2\repository\org\hamcrest\hamcrest-core\1.3\hamcrest-core-1.3.jar;"/>
    <property name="java.vm.vendor" value="Azul Systems, Inc."/>
    <property name="sun.arch.data.model" value="64"/>
    <property name="user.variant" value=""/>
    <property name="maven.user.toolchains" value="C:\Users\Administrator/.m2/toolchains.xml"/>
    <property name="java.vendor.url" value="http://www.azul.com/"/>
    <property name="user.timezone" value="Asia/Shanghai"/>
    <property name="java.vm.specification.version" value="21"/>
    <property name="os.name" value="Windows 11"/>
    <property name="maven.repo.central" value="https://repo.maven.apache.org/maven2"/>
    <property name="sun.java.launcher" value="SUN_STANDARD"/>
    <property name="user.country" value="CN"/>
    <property name="session.topDirectory" value="D:\git_all\blbiWorld\death_drop"/>
    <property name="sun.boot.library.path" value="C:\Program Files\Zulu\zulu-21\bin"/>
    <property name="sun.java.command" value="C:\Users\ADMINI~1\AppData\Local\Temp\surefire6217486300740754058\surefirebooter13998697619552042351.jar C:\Users\Administrator\AppData\Local\Temp\surefire6217486300740754058 2025-01-21T15-57-52_088-jvmRun1 surefire7098441460321440498tmp surefire_09939394104502226159tmp"/>
    <property name="maven.project.settings" value="${session.rootDirectory}/.mvn/settings.xml"/>
    <property name="jdk.debug" value="release"/>
    <property name="surefire.test.class.path" value="D:\git_all\blbiWorld\death_drop\target\test-classes;D:\git_all\blbiWorld\death_drop\target\classes;C:\Users\Administrator\.m2\repository\io\papermc\paper\paper-api\1.21.4-R0.1-SNAPSHOT\paper-api-1.21.4-R0.1-SNAPSHOT.jar;C:\Users\Administrator\.m2\repository\com\google\guava\guava\33.3.1-jre\guava-33.3.1-jre.jar;C:\Users\Administrator\.m2\repository\com\google\guava\failureaccess\1.0.2\failureaccess-1.0.2.jar;C:\Users\Administrator\.m2\repository\com\google\guava\listenablefuture\9999.0-empty-to-avoid-conflict-with-guava\listenablefuture-9999.0-empty-to-avoid-conflict-with-guava.jar;C:\Users\Administrator\.m2\repository\com\google\code\findbugs\jsr305\3.0.2\jsr305-3.0.2.jar;C:\Users\Administrator\.m2\repository\com\google\errorprone\error_prone_annotations\2.28.0\error_prone_annotations-2.28.0.jar;C:\Users\Administrator\.m2\repository\com\google\j2objc\j2objc-annotations\3.0.0\j2objc-annotations-3.0.0.jar;C:\Users\Administrator\.m2\repository\com\google\code\gson\gson\2.11.0\gson-2.11.0.jar;C:\Users\Administrator\.m2\repository\org\yaml\snakeyaml\2.2\snakeyaml-2.2.jar;C:\Users\Administrator\.m2\repository\org\joml\joml\1.10.8\joml-1.10.8.jar;C:\Users\Administrator\.m2\repository\com\googlecode\json-simple\json-simple\1.1.1\json-simple-1.1.1.jar;C:\Users\Administrator\.m2\repository\it\unimi\dsi\fastutil\8.5.15\fastutil-8.5.15.jar;C:\Users\Administrator\.m2\repository\org\apache\logging\log4j\log4j-api\2.17.1\log4j-api-2.17.1.jar;C:\Users\Administrator\.m2\repository\org\slf4j\slf4j-api\2.0.9\slf4j-api-2.0.9.jar;C:\Users\Administrator\.m2\repository\com\mojang\brigadier\1.3.10\brigadier-1.3.10.jar;C:\Users\Administrator\.m2\repository\net\md-5\bungeecord-chat\1.20-R0.2-deprecated+build.19\bungeecord-chat-1.20-R0.2-deprecated+build.19.jar;C:\Users\Administrator\.m2\repository\org\apache\maven\maven-resolver-provider\3.9.6\maven-resolver-provider-3.9.6.jar;C:\Users\Administrator\.m2\repository\org\apache\maven\maven-model\3.9.6\maven-model-3.9.6.jar;C:\Users\Administrator\.m2\repository\org\apache\maven\maven-model-builder\3.9.6\maven-model-builder-3.9.6.jar;C:\Users\Administrator\.m2\repository\org\codehaus\plexus\plexus-interpolation\1.26\plexus-interpolation-1.26.jar;C:\Users\Administrator\.m2\repository\org\apache\maven\maven-artifact\3.9.6\maven-artifact-3.9.6.jar;C:\Users\Administrator\.m2\repository\org\apache\commons\commons-lang3\3.12.0\commons-lang3-3.12.0.jar;C:\Users\Administrator\.m2\repository\org\apache\maven\maven-builder-support\3.9.6\maven-builder-support-3.9.6.jar;C:\Users\Administrator\.m2\repository\org\eclipse\sisu\org.eclipse.sisu.inject\0.9.0.M2\org.eclipse.sisu.inject-0.9.0.M2.jar;C:\Users\Administrator\.m2\repository\org\apache\maven\maven-repository-metadata\3.9.6\maven-repository-metadata-3.9.6.jar;C:\Users\Administrator\.m2\repository\org\apache\maven\resolver\maven-resolver-api\1.9.18\maven-resolver-api-1.9.18.jar;C:\Users\Administrator\.m2\repository\org\apache\maven\resolver\maven-resolver-spi\1.9.18\maven-resolver-spi-1.9.18.jar;C:\Users\Administrator\.m2\repository\org\apache\maven\resolver\maven-resolver-util\1.9.18\maven-resolver-util-1.9.18.jar;C:\Users\Administrator\.m2\repository\org\apache\maven\resolver\maven-resolver-impl\1.9.18\maven-resolver-impl-1.9.18.jar;C:\Users\Administrator\.m2\repository\org\apache\maven\resolver\maven-resolver-named-locks\1.9.18\maven-resolver-named-locks-1.9.18.jar;C:\Users\Administrator\.m2\repository\org\codehaus\plexus\plexus-utils\3.5.1\plexus-utils-3.5.1.jar;C:\Users\Administrator\.m2\repository\javax\inject\javax.inject\1\javax.inject-1.jar;C:\Users\Administrator\.m2\repository\org\jspecify\jspecify\1.0.0\jspecify-1.0.0.jar;C:\Users\Administrator\.m2\repository\net\kyori\adventure-api\4.18.0\adventure-api-4.18.0.jar;C:\Users\Administrator\.m2\repository\net\kyori\adventure-key\4.18.0\adventure-key-4.18.0.jar;C:\Users\Administrator\.m2\repository\net\kyori\examination-api\1.3.0\examination-api-1.3.0.jar;C:\Users\Administrator\.m2\repository\net\kyori\examination-string\1.3.0\examination-string-1.3.0.jar;C:\Users\Administrator\.m2\repository\org\jetbrains\annotations\26.0.1\annotations-26.0.1.jar;C:\Users\Administrator\.m2\repository\net\kyori\adventure-text-minimessage\4.18.0\adventure-text-minimessage-4.18.0.jar;C:\Users\Administrator\.m2\repository\net\kyori\adventure-text-serializer-gson\4.18.0\adventure-text-serializer-gson-4.18.0.jar;C:\Users\Administrator\.m2\repository\net\kyori\adventure-text-serializer-json\4.18.0\adventure-text-serializer-json-4.18.0.jar;C:\Users\Administrator\.m2\repository\net\kyori\option\1.0.0\option-1.0.0.jar;C:\Users\Administrator\.m2\repository\com\google\auto\service\auto-service-annotations\1.1.1\auto-service-annotations-1.1.1.jar;C:\Users\Administrator\.m2\repository\net\kyori\adventure-text-serializer-legacy\4.18.0\adventure-text-serializer-legacy-4.18.0.jar;C:\Users\Administrator\.m2\repository\net\kyori\adventure-text-serializer-plain\4.18.0\adventure-text-serializer-plain-4.18.0.jar;C:\Users\Administrator\.m2\repository\net\kyori\adventure-text-logger-slf4j\4.18.0\adventure-text-logger-slf4j-4.18.0.jar;C:\Users\Administrator\.m2\repository\org\checkerframework\checker-qual\3.33.0\checker-qual-3.33.0.jar;C:\Users\Administrator\.m2\repository\junit\junit\4.11\junit-4.11.jar;C:\Users\Administrator\.m2\repository\org\hamcrest\hamcrest-core\1.3\hamcrest-core-1.3.jar;"/>
    <property name="sun.cpu.endian" value="little"/>
    <property name="user.home" value="C:\Users\Administrator"/>
    <property name="user.language" value="zh"/>
    <property name="java.specification.vendor" value="Oracle Corporation"/>
    <property name="java.version.date" value="2024-10-15"/>
    <property name="java.home" value="C:\Program Files\Zulu\zulu-21"/>
    <property name="maven.user.conf" value="C:\Users\Administrator/.m2"/>
    <property name="file.separator" value="\"/>
    <property name="basedir" value="D:\git_all\blbiWorld\death_drop"/>
    <property name="java.vm.compressedOopsMode" value="Zero based"/>
    <property name="line.separator" value="&#10;"/>
    <property name="java.vm.specification.vendor" value="Oracle Corporation"/>
    <property name="java.specification.name" value="Java Platform API Specification"/>
    <property name="maven.project.conf" value="${session.rootDirectory}/.mvn"/>
    <property name="surefire.real.class.path" value="C:\Users\ADMINI~1\AppData\Local\Temp\surefire6217486300740754058\surefirebooter13998697619552042351.jar"/>
    <property name="user.script" value=""/>
    <property name="sun.management.compiler" value="HotSpot 64-Bit Tiered Compilers"/>
    <property name="java.runtime.version" value="21.0.5+11-LTS"/>
    <property name="user.name" value="Administrator"/>
    <property name="stdout.encoding" value="GBK"/>
    <property name="maven.installation.conf" value="E:\sdk\maven/conf"/>
    <property name="path.separator" value=";"/>
    <property name="os.version" value="10.0"/>
    <property name="java.runtime.name" value="OpenJDK Runtime Environment"/>
    <property name="file.encoding" value="UTF-8"/>
    <property name="maven.installation.toolchains" value="E:\sdk\maven/conf/toolchains.xml"/>
    <property name="java.vm.name" value="OpenJDK 64-Bit Server VM"/>
    <property name="java.vendor.version" value="Zulu21.38+21-CA"/>
    <property name="localRepository" value="C:\Users\Administrator\.m2\repository"/>
    <property name="maven.project.extensions" value="${session.rootDirectory}/.mvn/extensions.xml"/>
    <property name="java.vendor.url.bug" value="http://www.azul.com/support/"/>
    <property name="java.io.tmpdir" value="C:\Users\ADMINI~1\AppData\Local\Temp\"/>
    <property name="maven.installation.extensions" value="E:\sdk\maven/conf/extensions.xml"/>
    <property name="java.version" value="21.0.5"/>
    <property name="user.dir" value="D:\git_all\blbiWorld\death_drop"/>
    <property name="os.arch" value="amd64"/>
    <property name="java.vm.specification.name" value="Java Virtual Machine Specification"/>
    <property name="sun.os.patch.level" value=""/>
    <property name="native.encoding" value="GBK"/>
    <property name="java.library.path" value="C:\Program Files\Zulu\zulu-21\bin;C:\WINDOWS\Sun\Java\bin;C:\WINDOWS\system32;C:\WINDOWS;C:\Program Files\Zulu\zulu-21\bin;C:\Users\Administrator\AppData\Local\Android\Sdk\cmdline-tools\latest\bin;E:\sdk\flutter\bin;C:\Users\Administrator\AppData\Local\Android\Sdk\emulator;C:\Windows\system32;C:\Windows;C:\Windows\System32\Wbem;C:\Windows\System32\WindowsPowerShell\v1.0\;C:\Windows\System32\OpenSSH\;C:\Program Files\NVIDIA Corporation\NVIDIA app\NvDLISR;C:\Program Files\dotnet\;C:\Program Files (x86)\NVIDIA Corporation\PhysX\Common;c:\Users\Administrator\AppData\Local\Programs\cursor\resources\app\bin;C:\Program Files\Git\cmd;C:\WINDOWS\system32;C:\WINDOWS;C:\WINDOWS\System32\Wbem;C:\WINDOWS\System32\WindowsPowerShell\v1.0\;C:\WINDOWS\System32\OpenSSH\;E:\sdk\nodejs\;C:\Users\Administrator\AppData\Local\Microsoft\WindowsApps;C:\Users\Administrator\AppData\Roaming\npm;."/>
    <property name="java.vm.info" value="mixed mode, sharing"/>
    <property name="stderr.encoding" value="GBK"/>
    <property name="java.vendor" value="Azul Systems, Inc."/>
    <property name="java.vm.version" value="21.0.5+11-LTS"/>
    <property name="maven.installation.settings" value="E:\sdk\maven/conf/settings.xml"/>
    <property name="sun.io.unicode.encoding" value="UnicodeLittle"/>
    <property name="maven.user.settings" value="C:\Users\Administrator/.m2/settings.xml"/>
    <property name="java.class.version" value="65.0"/>
  </properties>
  <testcase name="shouldAnswerWithTrue" classname="com.blbilink.mc.AppTest" time="0.001"/>
</testsuite>